Determining if the pthread_create exist failed with the following output:
Change Dir: /media/sf_shared_folder/GAMES101_Homework_S2021/Homework8_S2021/Assignment8/build/CMakeFiles/CMakeTmp

Run Build Command:"/usr/bin/make" "cmTC_7754a/fast"
/usr/bin/make -f CMakeFiles/cmTC_7754a.dir/build.make CMakeFiles/cmTC_7754a.dir/build
make[1]: 进入目录“/media/sf_shared_folder/GAMES101_Homework_S2021/Homework8_S2021/Assignment8/build/CMakeFiles/CMakeTmp”
Building C object CMakeFiles/cmTC_7754a.dir/CheckSymbolExists.c.o
/usr/bin/cc    -o CMakeFiles/cmTC_7754a.dir/CheckSymbolExists.c.o   -c /media/sf_shared_folder/GAMES101_Homework_S2021/Homework8_S2021/Assignment8/build/CMakeFiles/CMakeTmp/CheckSymbolExists.c
Linking C executable cmTC_7754a
/usr/bin/cmake -E cmake_link_script CMakeFiles/cmTC_7754a.dir/link.txt --verbose=1
/usr/bin/cc      -rdynamic CMakeFiles/cmTC_7754a.dir/CheckSymbolExists.c.o  -o cmTC_7754a 
CMakeFiles/cmTC_7754a.dir/CheckSymbolExists.c.o：在函数‘main’中：
CheckSymbolExists.c:(.text+0x1b)：对‘pthread_create’未定义的引用
collect2: error: ld returned 1 exit status
CMakeFiles/cmTC_7754a.dir/build.make:97: recipe for target 'cmTC_7754a' failed
make[1]: *** [cmTC_7754a] Error 1
make[1]: 离开目录“/media/sf_shared_folder/GAMES101_Homework_S2021/Homework8_S2021/Assignment8/build/CMakeFiles/CMakeTmp”
Makefile:126: recipe for target 'cmTC_7754a/fast' failed
make: *** [cmTC_7754a/fast] Error 2

File /media/sf_shared_folder/GAMES101_Homework_S2021/Homework8_S2021/Assignment8/build/CMakeFiles/CMakeTmp/CheckSymbolExists.c:
/* */
#include <pthread.h>

int main(int argc, char** argv)
{
  (void)argv;
#ifndef pthread_create
  return ((int*)(&pthread_create))[argc];
#else
  (void)argc;
  return 0;
#endif
}

Determining if the function pthread_create exists in the pthreads failed with the following output:
Change Dir: /media/sf_shared_folder/GAMES101_Homework_S2021/Homework8_S2021/Assignment8/build/CMakeFiles/CMakeTmp

Run Build Command:"/usr/bin/make" "cmTC_b7c9a/fast"
/usr/bin/make -f CMakeFiles/cmTC_b7c9a.dir/build.make CMakeFiles/cmTC_b7c9a.dir/build
make[1]: 进入目录“/media/sf_shared_folder/GAMES101_Homework_S2021/Homework8_S2021/Assignment8/build/CMakeFiles/CMakeTmp”
Building C object CMakeFiles/cmTC_b7c9a.dir/CheckFunctionExists.c.o
/usr/bin/cc   -DCHECK_FUNCTION_EXISTS=pthread_create   -o CMakeFiles/cmTC_b7c9a.dir/CheckFunctionExists.c.o   -c /usr/share/cmake-3.10/Modules/CheckFunctionExists.c
Linking C executable cmTC_b7c9a
/usr/bin/cmake -E cmake_link_script CMakeFiles/cmTC_b7c9a.dir/link.txt --verbose=1
/usr/bin/cc  -DCHECK_FUNCTION_EXISTS=pthread_create    -rdynamic CMakeFiles/cmTC_b7c9a.dir/CheckFunctionExists.c.o  -o cmTC_b7c9a -lpthreads 
/usr/bin/ld: 找不到 -lpthreads
collect2: error: ld returned 1 exit status
CMakeFiles/cmTC_b7c9a.dir/build.make:97: recipe for target 'cmTC_b7c9a' failed
make[1]: *** [cmTC_b7c9a] Error 1
make[1]: 离开目录“/media/sf_shared_folder/GAMES101_Homework_S2021/Homework8_S2021/Assignment8/build/CMakeFiles/CMakeTmp”
Makefile:126: recipe for target 'cmTC_b7c9a/fast' failed
make: *** [cmTC_b7c9a/fast] Error 2


