Determining if the pthread_create exist failed with the following output:
Change Dir: /media/sf_shared_folder/GAMES101_Homework_S2021/Homework7_S2021/Assignment7/build/CMakeFiles/CMakeTmp

Run Build Command:"/usr/bin/make" "cmTC_07031/fast"
make: 警告：文件“Makefile”的修改时间在未来 0.58 秒后
/usr/bin/make -f CMakeFiles/cmTC_07031.dir/build.make CMakeFiles/cmTC_07031.dir/build
make[1]: 进入目录“/media/sf_shared_folder/GAMES101_Homework_S2021/Homework7_S2021/Assignment7/build/CMakeFiles/CMakeTmp”
make[1]: 警告：文件“CMakeFiles/cmTC_07031.dir/flags.make”的修改时间在未来 0.58 秒后
Building C object CMakeFiles/cmTC_07031.dir/CheckSymbolExists.c.o
/usr/bin/cc    -o CMakeFiles/cmTC_07031.dir/CheckSymbolExists.c.o   -c /media/sf_shared_folder/GAMES101_Homework_S2021/Homework7_S2021/Assignment7/build/CMakeFiles/CMakeTmp/CheckSymbolExists.c
Linking C executable cmTC_07031
/usr/bin/cmake -E cmake_link_script CMakeFiles/cmTC_07031.dir/link.txt --verbose=1
/usr/bin/cc      CMakeFiles/cmTC_07031.dir/CheckSymbolExists.c.o  -o cmTC_07031 
CMakeFiles/cmTC_07031.dir/CheckSymbolExists.c.o：在函数‘main’中：
CheckSymbolExists.c:(.text+0x1b)：对‘pthread_create’未定义的引用
collect2: error: ld returned 1 exit status
CMakeFiles/cmTC_07031.dir/build.make:97: recipe for target 'cmTC_07031' failed
make[1]: *** [cmTC_07031] Error 1
make[1]: 离开目录“/media/sf_shared_folder/GAMES101_Homework_S2021/Homework7_S2021/Assignment7/build/CMakeFiles/CMakeTmp”
Makefile:126: recipe for target 'cmTC_07031/fast' failed
make: *** [cmTC_07031/fast] Error 2

File /media/sf_shared_folder/GAMES101_Homework_S2021/Homework7_S2021/Assignment7/build/CMakeFiles/CMakeTmp/CheckSymbolExists.c:
/* */
#include <pthread.h>

int main(int argc, char** argv)
{
  (void)argv;
#ifndef pthread_create
  return ((int*)(&pthread_create))[argc];
#else
  (void)argc;
  return 0;
#endif
}

Determining if the function pthread_create exists in the pthreads failed with the following output:
Change Dir: /media/sf_shared_folder/GAMES101_Homework_S2021/Homework7_S2021/Assignment7/build/CMakeFiles/CMakeTmp

Run Build Command:"/usr/bin/make" "cmTC_f7e27/fast"
make: 警告：文件“Makefile”的修改时间在未来 0.58 秒后
/usr/bin/make -f CMakeFiles/cmTC_f7e27.dir/build.make CMakeFiles/cmTC_f7e27.dir/build
make[1]: 进入目录“/media/sf_shared_folder/GAMES101_Homework_S2021/Homework7_S2021/Assignment7/build/CMakeFiles/CMakeTmp”
make[1]: 警告：文件“CMakeFiles/cmTC_f7e27.dir/flags.make”的修改时间在未来 0.58 秒后
Building C object CMakeFiles/cmTC_f7e27.dir/CheckFunctionExists.c.o
/usr/bin/cc   -DCHECK_FUNCTION_EXISTS=pthread_create   -o CMakeFiles/cmTC_f7e27.dir/CheckFunctionExists.c.o   -c /usr/share/cmake-3.10/Modules/CheckFunctionExists.c
Linking C executable cmTC_f7e27
/usr/bin/cmake -E cmake_link_script CMakeFiles/cmTC_f7e27.dir/link.txt --verbose=1
/usr/bin/cc  -DCHECK_FUNCTION_EXISTS=pthread_create    CMakeFiles/cmTC_f7e27.dir/CheckFunctionExists.c.o  -o cmTC_f7e27 -lpthreads 
/usr/bin/ld: 找不到 -lpthreads
collect2: error: ld returned 1 exit status
CMakeFiles/cmTC_f7e27.dir/build.make:97: recipe for target 'cmTC_f7e27' failed
make[1]: *** [cmTC_f7e27] Error 1
make[1]: 离开目录“/media/sf_shared_folder/GAMES101_Homework_S2021/Homework7_S2021/Assignment7/build/CMakeFiles/CMakeTmp”
Makefile:126: recipe for target 'cmTC_f7e27/fast' failed
make: *** [cmTC_f7e27/fast] Error 2


